{"name": "test_send_message", "status": "broken", "statusDetails": {"message": "selenium.common.exceptions.TimeoutException: Message: \nStacktrace:\n\tGetHandleVerifier [0x0x1284553+62419]\n\tGetHandleVerifier [0x0x1284594+62484]\n\t(No symbol) [0x0x10c2133]\n\t(No symbol) [0x0x110a8fe]\n\t(No symbol) [0x0x110ac9b]\n\t(No symbol) [0x0x1153052]\n\t(No symbol) [0x0x112f4b4]\n\t(No symbol) [0x0x115087a]\n\t(No symbol) [0x0x112f266]\n\t(No symbol) [0x0x10fe852]\n\t(No symbol) [0x0x10ff6f4]\n\tGetHandleVerifier [0x0x14f4833+2619059]\n\tGetHandleVerifier [0x0x14efc4a+2599626]\n\tGetHandleVerifier [0x0x12ab0fa+221050]\n\tGetHandleVerifier [0x0x129b378+156152]\n\tGetHandleVerifier [0x0x12a1d2d+183213]\n\tGetHandleVerifier [0x0x128c438+94904]\n\tGetHandleVerifier [0x0x128c5c2+95298]\n\tGetHandleVerifier [0x0x127771a+9626]\n\tBaseThreadInitThunk [0x0x7682fcc9+25]\n\tRtlGetAppContainerNamedObjectPath [0x0x777382ae+286]\n\tRtlGetAppContainerNamedObjectPath [0x0x7773827e+238]", "trace": "tests\\test_message.py:24: in test_send_message\n    chat_page.send_message(TEST_MESSAGE)\npages\\chat_page.py:18: in send_message\n    self.send_keys(self.MESSAGE_INPUT, message)\npages\\base_page.py:32: in send_keys\n    element = self.wait.until(EC.visibility_of_element_located(locator))\nvenv\\Lib\\site-packages\\selenium\\webdriver\\support\\wait.py:138: in until\n    raise TimeoutException(message, screen, stacktrace)\nE   selenium.common.exceptions.TimeoutException: Message: \nE   Stacktrace:\nE   \tGetHandleVerifier [0x0x1284553+62419]\nE   \tGetHandleVerifier [0x0x1284594+62484]\nE   \t(No symbol) [0x0x10c2133]\nE   \t(No symbol) [0x0x110a8fe]\nE   \t(No symbol) [0x0x110ac9b]\nE   \t(No symbol) [0x0x1153052]\nE   \t(No symbol) [0x0x112f4b4]\nE   \t(No symbol) [0x0x115087a]\nE   \t(No symbol) [0x0x112f266]\nE   \t(No symbol) [0x0x10fe852]\nE   \t(No symbol) [0x0x10ff6f4]\nE   \tGetHandleVerifier [0x0x14f4833+2619059]\nE   \tGetHandleVerifier [0x0x14efc4a+2599626]\nE   \tGetHandleVerifier [0x0x12ab0fa+221050]\nE   \tGetHandleVerifier [0x0x129b378+156152]\nE   \tGetHandleVerifier [0x0x12a1d2d+183213]\nE   \tGetHandleVerifier [0x0x128c438+94904]\nE   \tGetHandleVerifier [0x0x128c5c2+95298]\nE   \tGetHandleVerifier [0x0x127771a+9626]\nE   \tBaseThreadInitThunk [0x0x7682fcc9+25]\nE   \tRtlGetAppContainerNamedObjectPath [0x0x777382ae+286]\nE   \tRtlGetAppContainerNamedObjectPath [0x0x7773827e+238]"}, "description": "Prueba que verifica el envío y visualización de un mensaje", "steps": [{"name": "1. Login to Epale.chat", "status": "passed", "start": 1751557366625, "stop": 1751557369866}, {"name": "2. Send message", "status": "broken", "statusDetails": {"message": "selenium.common.exceptions.TimeoutException: Message: \nStacktrace:\n\tGetHandleVerifier [0x0x1284553+62419]\n\tGetHandleVerifier [0x0x1284594+62484]\n\t(No symbol) [0x0x10c2133]\n\t(No symbol) [0x0x110a8fe]\n\t(No symbol) [0x0x110ac9b]\n\t(No symbol) [0x0x1153052]\n\t(No symbol) [0x0x112f4b4]\n\t(No symbol) [0x0x115087a]\n\t(No symbol) [0x0x112f266]\n\t(No symbol) [0x0x10fe852]\n\t(No symbol) [0x0x10ff6f4]\n\tGetHandleVerifier [0x0x14f4833+2619059]\n\tGetHandleVerifier [0x0x14efc4a+2599626]\n\tGetHandleVerifier [0x0x12ab0fa+221050]\n\tGetHandleVerifier [0x0x129b378+156152]\n\tGetHandleVerifier [0x0x12a1d2d+183213]\n\tGetHandleVerifier [0x0x128c438+94904]\n\tGetHandleVerifier [0x0x128c5c2+95298]\n\tGetHandleVerifier [0x0x127771a+9626]\n\tBaseThreadInitThunk [0x0x7682fcc9+25]\n\tRtlGetAppContainerNamedObjectPath [0x0x777382ae+286]\n\tRtlGetAppContainerNamedObjectPath [0x0x7773827e+238]\n\n", "trace": "  File \"C:\\Users\\timon\\Documents\\Testing\\Automation\\automation_epale\\tests\\test_message.py\", line 24, in test_send_message\n    chat_page.send_message(TEST_MESSAGE)\n    ~~~~~~~~~~~~~~~~~~~~~~^^^^^^^^^^^^^^\n  File \"C:\\Users\\timon\\Documents\\Testing\\Automation\\automation_epale\\pages\\chat_page.py\", line 18, in send_message\n    self.send_keys(self.MESSAGE_INPUT, message)\n    ~~~~~~~~~~~~~~^^^^^^^^^^^^^^^^^^^^^^^^^^^^^\n  File \"C:\\Users\\timon\\Documents\\Testing\\Automation\\automation_epale\\pages\\base_page.py\", line 32, in send_keys\n    element = self.wait.until(EC.visibility_of_element_located(locator))\n  File \"C:\\Users\\timon\\Documents\\Testing\\Automation\\automation_epale\\venv\\Lib\\site-packages\\selenium\\webdriver\\support\\wait.py\", line 138, in until\n    raise TimeoutException(message, screen, stacktrace)\n"}, "start": 1751557369866, "stop": 1751557379922}], "attachments": [{"name": "log", "source": "0e4b9235-559f-4a5a-b0af-d91a764db77d-attachment.txt", "type": "text/plain"}], "start": 1751557366624, "stop": 1751557379928, "uuid": "e887bf14-a675-428b-8ddb-28f5eeec2d21", "historyId": "e9f2dfe9b7e6a892c33ce0e115b33c56", "testCaseId": "e9f2dfe9b7e6a892c33ce0e115b33c56", "fullName": "tests.test_message.TestEpaleChat#test_send_message", "labels": [{"name": "feature", "value": "Epale.chat Message Automation"}, {"name": "story", "value": "Send and verify message"}, {"name": "severity", "value": "critical"}, {"name": "parentSuite", "value": "tests"}, {"name": "suite", "value": "test_message"}, {"name": "subSuite", "value": "TestEpaleChat"}, {"name": "host", "value": "DESKTOP-8I0D40E"}, {"name": "thread", "value": "11292-MainThread"}, {"name": "framework", "value": "pytest"}, {"name": "language", "value": "cpython3"}, {"name": "package", "value": "tests.test_message"}]}