{"name": "test_send_message", "status": "broken", "statusDetails": {"message": "selenium.common.exceptions.TimeoutException: Message: \nStacktrace:\n\tGetHandleVerifier [0x0xa84553+62419]\n\tGetHandleVerifier [0x0xa84594+62484]\n\t(No symbol) [0x0x8c2133]\n\t(No symbol) [0x0x90a8fe]\n\t(No symbol) [0x0x90ac9b]\n\t(No symbol) [0x0x953052]\n\t(No symbol) [0x0x92f4b4]\n\t(No symbol) [0x0x95087a]\n\t(No symbol) [0x0x92f266]\n\t(No symbol) [0x0x8fe852]\n\t(No symbol) [0x0x8ff6f4]\n\tGetHandleVerifier [0x0xcf4833+2619059]\n\tGetHandleVerifier [0x0xcefc4a+2599626]\n\tGetHandleVerifier [0x0xaab0fa+221050]\n\tGetHandleVerifier [0x0xa9b378+156152]\n\tGetHandleVerifier [0x0xaa1d2d+183213]\n\tGetHandleVerifier [0x0xa8c438+94904]\n\tGetHandleVerifier [0x0xa8c5c2+95298]\n\tGetHandleVerifier [0x0xa7771a+9626]\n\tBaseThreadInitThunk [0x0x7682fcc9+25]\n\tRtlGetAppContainerNamedObjectPath [0x0x777382ae+286]\n\tRtlGetAppContainerNamedObjectPath [0x0x7773827e+238]", "trace": "tests\\test_message.py:24: in test_send_message\n    chat_page.send_message(TEST_MESSAGE)\npages\\chat_page.py:18: in send_message\n    self.send_keys(self.MESSAGE_INPUT, message)\npages\\base_page.py:32: in send_keys\n    element = self.wait.until(EC.visibility_of_element_located(locator))\nvenv\\Lib\\site-packages\\selenium\\webdriver\\support\\wait.py:138: in until\n    raise TimeoutException(message, screen, stacktrace)\nE   selenium.common.exceptions.TimeoutException: Message: \nE   Stacktrace:\nE   \tGetHandleVerifier [0x0xa84553+62419]\nE   \tGetHandleVerifier [0x0xa84594+62484]\nE   \t(No symbol) [0x0x8c2133]\nE   \t(No symbol) [0x0x90a8fe]\nE   \t(No symbol) [0x0x90ac9b]\nE   \t(No symbol) [0x0x953052]\nE   \t(No symbol) [0x0x92f4b4]\nE   \t(No symbol) [0x0x95087a]\nE   \t(No symbol) [0x0x92f266]\nE   \t(No symbol) [0x0x8fe852]\nE   \t(No symbol) [0x0x8ff6f4]\nE   \tGetHandleVerifier [0x0xcf4833+2619059]\nE   \tGetHandleVerifier [0x0xcefc4a+2599626]\nE   \tGetHandleVerifier [0x0xaab0fa+221050]\nE   \tGetHandleVerifier [0x0xa9b378+156152]\nE   \tGetHandleVerifier [0x0xaa1d2d+183213]\nE   \tGetHandleVerifier [0x0xa8c438+94904]\nE   \tGetHandleVerifier [0x0xa8c5c2+95298]\nE   \tGetHandleVerifier [0x0xa7771a+9626]\nE   \tBaseThreadInitThunk [0x0x7682fcc9+25]\nE   \tRtlGetAppContainerNamedObjectPath [0x0x777382ae+286]\nE   \tRtlGetAppContainerNamedObjectPath [0x0x7773827e+238]"}, "description": "Prueba que verifica el envío y visualización de un mensaje", "steps": [{"name": "1. Login to Epale.chat", "status": "passed", "start": 1751556913812, "stop": 1751556917419}, {"name": "2. Send message", "status": "broken", "statusDetails": {"message": "selenium.common.exceptions.TimeoutException: Message: \nStacktrace:\n\tGetHandleVerifier [0x0xa84553+62419]\n\tGetHandleVerifier [0x0xa84594+62484]\n\t(No symbol) [0x0x8c2133]\n\t(No symbol) [0x0x90a8fe]\n\t(No symbol) [0x0x90ac9b]\n\t(No symbol) [0x0x953052]\n\t(No symbol) [0x0x92f4b4]\n\t(No symbol) [0x0x95087a]\n\t(No symbol) [0x0x92f266]\n\t(No symbol) [0x0x8fe852]\n\t(No symbol) [0x0x8ff6f4]\n\tGetHandleVerifier [0x0xcf4833+2619059]\n\tGetHandleVerifier [0x0xcefc4a+2599626]\n\tGetHandleVerifier [0x0xaab0fa+221050]\n\tGetHandleVerifier [0x0xa9b378+156152]\n\tGetHandleVerifier [0x0xaa1d2d+183213]\n\tGetHandleVerifier [0x0xa8c438+94904]\n\tGetHandleVerifier [0x0xa8c5c2+95298]\n\tGetHandleVerifier [0x0xa7771a+9626]\n\tBaseThreadInitThunk [0x0x7682fcc9+25]\n\tRtlGetAppContainerNamedObjectPath [0x0x777382ae+286]\n\tRtlGetAppContainerNamedObjectPath [0x0x7773827e+238]\n\n", "trace": "  File \"C:\\Users\\timon\\Documents\\Testing\\Automation\\automation_epale\\tests\\test_message.py\", line 24, in test_send_message\n    chat_page.send_message(TEST_MESSAGE)\n    ~~~~~~~~~~~~~~~~~~~~~~^^^^^^^^^^^^^^\n  File \"C:\\Users\\timon\\Documents\\Testing\\Automation\\automation_epale\\pages\\chat_page.py\", line 18, in send_message\n    self.send_keys(self.MESSAGE_INPUT, message)\n    ~~~~~~~~~~~~~~^^^^^^^^^^^^^^^^^^^^^^^^^^^^^\n  File \"C:\\Users\\timon\\Documents\\Testing\\Automation\\automation_epale\\pages\\base_page.py\", line 32, in send_keys\n    element = self.wait.until(EC.visibility_of_element_located(locator))\n  File \"C:\\Users\\timon\\Documents\\Testing\\Automation\\automation_epale\\venv\\Lib\\site-packages\\selenium\\webdriver\\support\\wait.py\", line 138, in until\n    raise TimeoutException(message, screen, stacktrace)\n"}, "start": 1751556917419, "stop": 1751556927428}], "attachments": [{"name": "log", "source": "92a813e2-b459-48a3-8f1d-6feb7e06f78b-attachment.txt", "type": "text/plain"}], "start": 1751556913812, "stop": 1751556927430, "uuid": "f0d5c6ac-e9a9-4b4a-88bf-cab493bc47a1", "historyId": "e9f2dfe9b7e6a892c33ce0e115b33c56", "testCaseId": "e9f2dfe9b7e6a892c33ce0e115b33c56", "fullName": "tests.test_message.TestEpaleChat#test_send_message", "labels": [{"name": "feature", "value": "Epale.chat Message Automation"}, {"name": "severity", "value": "critical"}, {"name": "story", "value": "Send and verify message"}, {"name": "parentSuite", "value": "tests"}, {"name": "suite", "value": "test_message"}, {"name": "subSuite", "value": "TestEpaleChat"}, {"name": "host", "value": "DESKTOP-8I0D40E"}, {"name": "thread", "value": "13640-MainThread"}, {"name": "framework", "value": "pytest"}, {"name": "language", "value": "cpython3"}, {"name": "package", "value": "tests.test_message"}]}