{"name": "test_send_message", "status": "broken", "statusDetails": {"message": "selenium.common.exceptions.TimeoutException: Message: \nStacktrace:\n\tGetHandleVerifier [0x0x454553+62419]\n\tGetHandleVerifier [0x0x454594+62484]\n\t(No symbol) [0x0x292133]\n\t(No symbol) [0x0x2da8fe]\n\t(No symbol) [0x0x2dac9b]\n\t(No symbol) [0x0x323052]\n\t(No symbol) [0x0x2ff4b4]\n\t(No symbol) [0x0x32087a]\n\t(No symbol) [0x0x2ff266]\n\t(No symbol) [0x0x2ce852]\n\t(No symbol) [0x0x2cf6f4]\n\tGetHandleVerifier [0x0x6c4833+2619059]\n\tGetHandleVerifier [0x0x6bfc4a+2599626]\n\tGetHandleVerifier [0x0x47b0fa+221050]\n\tGetHandleVerifier [0x0x46b378+156152]\n\tGetHandleVerifier [0x0x471d2d+183213]\n\tGetHandleVerifier [0x0x45c438+94904]\n\tGetHandleVerifier [0x0x45c5c2+95298]\n\tGetHandleVerifier [0x0x44771a+9626]\n\tBaseThreadInitThunk [0x0x7682fcc9+25]\n\tRtlGetAppContainerNamedObjectPath [0x0x777382ae+286]\n\tRtlGetAppContainerNamedObjectPath [0x0x7773827e+238]", "trace": "tests\\test_message.py:24: in test_send_message\n    chat_page.send_message(TEST_MESSAGE)\npages\\chat_page.py:18: in send_message\n    self.send_keys(self.MESSAGE_INPUT, message)\npages\\base_page.py:32: in send_keys\n    element = self.wait.until(EC.visibility_of_element_located(locator))\nvenv\\Lib\\site-packages\\selenium\\webdriver\\support\\wait.py:138: in until\n    raise TimeoutException(message, screen, stacktrace)\nE   selenium.common.exceptions.TimeoutException: Message: \nE   Stacktrace:\nE   \tGetHandleVerifier [0x0x454553+62419]\nE   \tGetHandleVerifier [0x0x454594+62484]\nE   \t(No symbol) [0x0x292133]\nE   \t(No symbol) [0x0x2da8fe]\nE   \t(No symbol) [0x0x2dac9b]\nE   \t(No symbol) [0x0x323052]\nE   \t(No symbol) [0x0x2ff4b4]\nE   \t(No symbol) [0x0x32087a]\nE   \t(No symbol) [0x0x2ff266]\nE   \t(No symbol) [0x0x2ce852]\nE   \t(No symbol) [0x0x2cf6f4]\nE   \tGetHandleVerifier [0x0x6c4833+2619059]\nE   \tGetHandleVerifier [0x0x6bfc4a+2599626]\nE   \tGetHandleVerifier [0x0x47b0fa+221050]\nE   \tGetHandleVerifier [0x0x46b378+156152]\nE   \tGetHandleVerifier [0x0x471d2d+183213]\nE   \tGetHandleVerifier [0x0x45c438+94904]\nE   \tGetHandleVerifier [0x0x45c5c2+95298]\nE   \tGetHandleVerifier [0x0x44771a+9626]\nE   \tBaseThreadInitThunk [0x0x7682fcc9+25]\nE   \tRtlGetAppContainerNamedObjectPath [0x0x777382ae+286]\nE   \tRtlGetAppContainerNamedObjectPath [0x0x7773827e+238]"}, "description": "Prueba que verifica el envío y visualización de un mensaje", "steps": [{"name": "1. Login to Epale.chat", "status": "passed", "start": 1751557119939, "stop": 1751557123779}, {"name": "2. Send message", "status": "broken", "statusDetails": {"message": "selenium.common.exceptions.TimeoutException: Message: \nStacktrace:\n\tGetHandleVerifier [0x0x454553+62419]\n\tGetHandleVerifier [0x0x454594+62484]\n\t(No symbol) [0x0x292133]\n\t(No symbol) [0x0x2da8fe]\n\t(No symbol) [0x0x2dac9b]\n\t(No symbol) [0x0x323052]\n\t(No symbol) [0x0x2ff4b4]\n\t(No symbol) [0x0x32087a]\n\t(No symbol) [0x0x2ff266]\n\t(No symbol) [0x0x2ce852]\n\t(No symbol) [0x0x2cf6f4]\n\tGetHandleVerifier [0x0x6c4833+2619059]\n\tGetHandleVerifier [0x0x6bfc4a+2599626]\n\tGetHandleVerifier [0x0x47b0fa+221050]\n\tGetHandleVerifier [0x0x46b378+156152]\n\tGetHandleVerifier [0x0x471d2d+183213]\n\tGetHandleVerifier [0x0x45c438+94904]\n\tGetHandleVerifier [0x0x45c5c2+95298]\n\tGetHandleVerifier [0x0x44771a+9626]\n\tBaseThreadInitThunk [0x0x7682fcc9+25]\n\tRtlGetAppContainerNamedObjectPath [0x0x777382ae+286]\n\tRtlGetAppContainerNamedObjectPath [0x0x7773827e+238]\n\n", "trace": "  File \"C:\\Users\\timon\\Documents\\Testing\\Automation\\automation_epale\\tests\\test_message.py\", line 24, in test_send_message\n    chat_page.send_message(TEST_MESSAGE)\n    ~~~~~~~~~~~~~~~~~~~~~~^^^^^^^^^^^^^^\n  File \"C:\\Users\\timon\\Documents\\Testing\\Automation\\automation_epale\\pages\\chat_page.py\", line 18, in send_message\n    self.send_keys(self.MESSAGE_INPUT, message)\n    ~~~~~~~~~~~~~~^^^^^^^^^^^^^^^^^^^^^^^^^^^^^\n  File \"C:\\Users\\timon\\Documents\\Testing\\Automation\\automation_epale\\pages\\base_page.py\", line 32, in send_keys\n    element = self.wait.until(EC.visibility_of_element_located(locator))\n  File \"C:\\Users\\timon\\Documents\\Testing\\Automation\\automation_epale\\venv\\Lib\\site-packages\\selenium\\webdriver\\support\\wait.py\", line 138, in until\n    raise TimeoutException(message, screen, stacktrace)\n"}, "start": 1751557123779, "stop": 1751557133782}], "attachments": [{"name": "log", "source": "be8c6473-a9df-4d65-b122-be4a1dc29859-attachment.txt", "type": "text/plain"}], "start": 1751557119938, "stop": 1751557133787, "uuid": "c0d12d86-3747-44c7-958e-746e7428d8ef", "historyId": "e9f2dfe9b7e6a892c33ce0e115b33c56", "testCaseId": "e9f2dfe9b7e6a892c33ce0e115b33c56", "fullName": "tests.test_message.TestEpaleChat#test_send_message", "labels": [{"name": "feature", "value": "Epale.chat Message Automation"}, {"name": "severity", "value": "critical"}, {"name": "story", "value": "Send and verify message"}, {"name": "parentSuite", "value": "tests"}, {"name": "suite", "value": "test_message"}, {"name": "subSuite", "value": "TestEpaleChat"}, {"name": "host", "value": "DESKTOP-8I0D40E"}, {"name": "thread", "value": "9292-MainThread"}, {"name": "framework", "value": "pytest"}, {"name": "language", "value": "cpython3"}, {"name": "package", "value": "tests.test_message"}]}